Thu Jun 08 2023 9:20:24 } [PH] error: globalErrorHandler - [
  {
    "code": "invalid_type",
    "expected": "string",
    "received": "undefined",
    "path": [
      "body",
      "role"
    ],
    "message": "role is required"
  }
]
Thu Jun 08 2023 9:31:2 } [PH] error: globalErrorHandler - [
  {
    "code": "invalid_type",
    "expected": "string",
    "received": "undefined",
    "path": [
      "body",
      "role"
    ],
    "message": "role is required"
  }
]
Thu Jun 08 2023 9:31:8 } [PH] error: globalErrorHandler - [
  {
    "code": "invalid_type",
    "expected": "string",
    "received": "undefined",
    "path": [
      "body",
      "role"
    ],
    "message": "role is required"
  }
]
Thu Jun 08 2023 9:31:48 } [PH] error: globalErrorHandler - [
  {
    "code": "invalid_type",
    "expected": "string",
    "received": "undefined",
    "path": [
      "body",
      "role"
    ],
    "message": "role is required"
  }
]
Thu Jun 08 2023 9:34:25 } [PH] error: globalErrorHandler - [
  {
    "code": "invalid_type",
    "expected": "string",
    "received": "undefined",
    "path": [
      "body",
      "role"
    ],
    "message": "role is required"
  }
]
Thu Jun 08 2023 9:45:5 } [PH] error: globalErrorHandler - [
  {
    "code": "invalid_type",
    "expected": "string",
    "received": "undefined",
    "path": [
      "body",
      "role"
    ],
    "message": "role is required"
  }
]
