Mon Jun 12 2023 6:14:46 } [PH] error: globalErrorHandler - Unexpected token } in JSON at position 51
Mon Jun 12 2023 6:15:5 } [PH] error: globalErrorHandler - [
  {
    "expected": "'01' | '02' | '03'",
    "received": "undefined",
    "code": "invalid_type",
    "path": [
      "body",
      "code"
    ],
    "message": "Code is required"
  },
  {
    "expected": "'January' | 'February' | 'March' | 'April' | 'May' | 'June' | 'July' | 'August' | 'September' | 'October' | 'November' | 'December'",
    "received": "undefined",
    "code": "invalid_type",
    "path": [
      "body",
      "startMonth"
    ],
    "message": "Start Month is Required"
  },
  {
    "expected": "'January' | 'February' | 'March' | 'April' | 'May' | 'June' | 'July' | 'August' | 'September' | 'October' | 'November' | 'December'",
    "received": "undefined",
    "code": "invalid_type",
    "path": [
      "body",
      "endMonth"
    ],
    "message": "End Month is Required"
  }
]
Mon Jun 12 2023 6:16:28 } [PH] error: globalErrorHandler - [
  {
    "code": "custom",
    "message": "Either both title & code are required or neither",
    "path": []
  }
]
Mon Jun 12 2023 6:19:8 } [PH] error: Invalid Semister Code
Mon Jun 12 2023 6:19:50 } [PH] error: Invalid Semister Code
Mon Jun 12 2023 6:20:27 } [PH] error: Invalid Semister Code
Mon Jun 12 2023 6:20:48 } [PH] error: globalErrorHandler - [
  {
    "code": "custom",
    "message": "Either both title & code are required or neither",
    "path": []
  }
]
Mon Jun 12 2023 6:25:2 } [PH] error: globalErrorHandler - [
  {
    "code": "custom",
    "message": "Either both title & code are required or neither",
    "path": []
  }
]
