Wed Jun 28 2023 7:2:31 } [PH] error: globalErrorHandler - [
  {
    "code": "invalid_type",
    "expected": "string",
    "received": "undefined",
    "path": [
      "body",
      "password"
    ],
    "message": "password is required"
  }
]
Wed Jun 28 2023 7:2:46 } [PH] error: globalErrorHandler - [
  {
    "code": "invalid_type",
    "expected": "string",
    "received": "undefined",
    "path": [
      "body",
      "id"
    ],
    "message": "Id is required"
  }
]
Wed Jun 28 2023 7:17:48 } [PH] error: Failed to connect Database querySrv ETIMEOUT _mongodb._tcp.cluster0.nbna82s.mongodb.net
